<?xml version="1.0" encoding="UTF-8"?>
<!-- Generated by org.testng.reporters.JUnitXMLReporter -->
<testsuite hostname="LT-NKC-T-MY" ignored="0" name="Test" tests="19" failures="5" timestamp="16 Apr 2018 08:58:14 GMT" time="12.609" errors="0">
  <testcase name="test_error_handling" time="0.832" classname="com.user.tests.APITests"/>
  <testcase name="test_fill_char_different_types" time="0.364" classname="com.user.tests.APITests">
    <failure type="java.lang.AssertionError" message="expected [true] but found [false]">
      <![CDATA[java.lang.AssertionError: expected [true] but found [false]
	at com.user.tests.APITests.test_fill_char_different_types(APITests.java:118)
... Removed 29 stack frames]]>
    </failure>
  </testcase> <!-- test_fill_char_different_types -->
  <testcase name="test_fill_char_different_types" time="0.692" classname="com.user.tests.APITests"/>
  <testcase name="test_fill_char_different_types" time="0.421" classname="com.user.tests.APITests"/>
  <testcase name="test_fill_char_different_types" time="0.567" classname="com.user.tests.APITests">
    <failure type="java.lang.AssertionError" message="expected [true] but found [false]">
      <![CDATA[java.lang.AssertionError: expected [true] but found [false]
	at com.user.tests.APITests.test_fill_char_different_types(APITests.java:118)
... Removed 29 stack frames]]>
    </failure>
  </testcase> <!-- test_fill_char_different_types -->
  <testcase name="test_fill_char_different_types" time="0.032" classname="com.user.tests.APITests"/>
  <testcase name="test_fill_char_different_types" time="0.551" classname="com.user.tests.APITests">
    <failure type="java.lang.AssertionError" message="expected [true] but found [false]">
      <![CDATA[java.lang.AssertionError: expected [true] but found [false]
	at com.user.tests.APITests.test_fill_char_different_types(APITests.java:118)
... Removed 29 stack frames]]>
    </failure>
  </testcase> <!-- test_fill_char_different_types -->
  <testcase name="test_fill_word_different_types" time="0.296" classname="com.user.tests.APITests">
    <failure type="java.lang.AssertionError" message="expected [true] but found [false]">
      <![CDATA[java.lang.AssertionError: expected [true] but found [false]
	at com.user.tests.APITests.test_fill_word_different_types(APITests.java:136)
... Removed 29 stack frames]]>
    </failure>
  </testcase> <!-- test_fill_word_different_types -->
  <testcase name="test_fill_word_different_types" time="0.661" classname="com.user.tests.APITests"/>
  <testcase name="test_fill_word_different_types" time="0.317" classname="com.user.tests.APITests"/>
  <testcase name="testadd_profanity_list" time="0.683" classname="com.user.tests.APITests"/>
  <testcase name="testadd_profanity_list" time="0.582" classname="com.user.tests.APITests"/>
  <testcase name="testgetresponse_for_simpleplaintext_withdifferent_texttypes" time="0.411" classname="com.user.tests.APITests">
    <failure type="java.lang.AssertionError" message="expected [true] but found [false]">
      <![CDATA[java.lang.AssertionError: expected [true] but found [false]
	at com.user.tests.APITests.testgetresponse_for_simpleplaintext_withdifferent_texttypes(APITests.java:80)
... Removed 29 stack frames]]>
    </failure>
  </testcase> <!-- testgetresponse_for_simpleplaintext_withdifferent_texttypes -->
  <testcase name="testgetresponse_for_simpleplaintext_withdifferent_texttypes" time="0.883" classname="com.user.tests.APITests"/>
  <testcase name="testgetresponse_for_simpleplaintext_withdifferent_texttypes" time="0.283" classname="com.user.tests.APITests"/>
  <testcase name="testprofanity_for_plaintext" time="0.702" classname="com.user.tests.APITests"/>
  <testcase name="testprofanity_for_plaintext" time="0.599" classname="com.user.tests.APITests"/>
  <testcase name="testprofanity_for_plaintext" time="0.599" classname="com.user.tests.APITests"/>
  <testcase name="testprofanity_for_plaintext" time="0.689" classname="com.user.tests.APITests"/>
</testsuite> <!-- Test -->
