<?xml version="1.0" encoding="UTF-8"?>
<!-- Generated by org.testng.reporters.JUnitXMLReporter -->
<testsuite hostname="LT-NKC-T-MY" ignored="0" name="Test" tests="19" failures="2" timestamp="16 Apr 2018 09:52:52 GMT" time="15.713" errors="0">
  <testcase name="test_error_handling" time="2.718" classname="com.user.tests.APITests"/>
  <testcase name="test_fill_char_different_types" time="0.389" classname="com.user.tests.APITests"/>
  <testcase name="test_fill_char_different_types" time="0.6" classname="com.user.tests.APITests"/>
  <testcase name="test_fill_char_different_types" time="0.351" classname="com.user.tests.APITests"/>
  <testcase name="test_fill_char_different_types" time="0.627" classname="com.user.tests.APITests">
    <failure type="java.lang.AssertionError" message="expected [true] but found [false]">
      <![CDATA[java.lang.AssertionError: expected [true] but found [false]
	at com.user.tests.APITests.test_fill_char_different_types(APITests.java:118)
... Removed 32 stack frames]]>
    </failure>
  </testcase> <!-- test_fill_char_different_types -->
  <testcase name="test_fill_char_different_types" time="0.027" classname="com.user.tests.APITests"/>
  <testcase name="test_fill_char_different_types" time="0.535" classname="com.user.tests.APITests">
    <failure type="java.lang.AssertionError" message="expected [true] but found [false]">
      <![CDATA[java.lang.AssertionError: expected [true] but found [false]
	at com.user.tests.APITests.test_fill_char_different_types(APITests.java:118)
... Removed 32 stack frames]]>
    </failure>
  </testcase> <!-- test_fill_char_different_types -->
  <testcase name="test_fill_word_different_types" time="0.268" classname="com.user.tests.APITests"/>
  <testcase name="test_fill_word_different_types" time="0.685" classname="com.user.tests.APITests"/>
  <testcase name="test_fill_word_different_types" time="0.394" classname="com.user.tests.APITests"/>
  <testcase name="testadd_profanity_list" time="0.701" classname="com.user.tests.APITests"/>
  <testcase name="testadd_profanity_list" time="0.494" classname="com.user.tests.APITests"/>
  <testcase name="testgetresponse_for_simpleplaintext_withdifferent_texttypes" time="0.414" classname="com.user.tests.APITests"/>
  <testcase name="testgetresponse_for_simpleplaintext_withdifferent_texttypes" time="0.681" classname="com.user.tests.APITests"/>
  <testcase name="testgetresponse_for_simpleplaintext_withdifferent_texttypes" time="0.316" classname="com.user.tests.APITests"/>
  <testcase name="testprofanity_for_plaintext" time="0.701" classname="com.user.tests.APITests"/>
  <testcase name="testprofanity_for_plaintext" time="0.575" classname="com.user.tests.APITests"/>
  <testcase name="testprofanity_for_plaintext" time="0.709" classname="com.user.tests.APITests"/>
  <testcase name="testprofanity_for_plaintext" time="0.601" classname="com.user.tests.APITests"/>
</testsuite> <!-- Test -->
