<?xml version="1.0" encoding="UTF-8"?>
<testng-results skipped="0" failed="2" ignored="5" total="11" passed="4">
  <reporter-output>
  </reporter-output>
  <suite name="Default suite" duration-ms="170822" started-at="2018-04-16T09:40:18Z" finished-at="2018-04-16T09:43:09Z">
    <groups>
    </groups>
    <test name="Default test" duration-ms="170822" started-at="2018-04-16T09:40:18Z" finished-at="2018-04-16T09:43:09Z">
      <class name="com.user.tests.APITests">
        <test-method status="PASS" signature="test_fill_char_different_types(java.lang.String, java.lang.String, java.lang.String, java.lang.String)[pri:0, instance:com.user.tests.APITests@24313fcc]" name="test_fill_char_different_types" duration-ms="2289" started-at="2018-04-16T17:40:18Z" data-provider="FillChars" finished-at="2018-04-16T17:40:20Z">
          <params>
            <param index="0">
              <value>
                <![CDATA[This is xml text]]>
              </value>
            </param>
            <param index="1">
              <value>
                <![CDATA[xml]]>
              </value>
            </param>
            <param index="2">
              <value>
                <![CDATA[xml]]>
              </value>
            </param>
            <param index="3">
              <value>
                <![CDATA[*]]>
              </value>
            </param>
          </params>
          <reporter-output>
          </reporter-output>
        </test-method> <!-- test_fill_char_different_types -->
        <test-method status="PASS" signature="test_fill_char_different_types(java.lang.String, java.lang.String, java.lang.String, java.lang.String)[pri:0, instance:com.user.tests.APITests@24313fcc]" name="test_fill_char_different_types" duration-ms="575" started-at="2018-04-16T17:40:20Z" data-provider="FillChars" finished-at="2018-04-16T17:40:21Z">
          <params>
            <param index="0">
              <value>
                <![CDATA[This is plain text]]>
              </value>
            </param>
            <param index="1">
              <value>
                <![CDATA[plain]]>
              </value>
            </param>
            <param index="2">
              <value>
                <![CDATA[plain]]>
              </value>
            </param>
            <param index="3">
              <value>
                <![CDATA[_]]>
              </value>
            </param>
          </params>
          <reporter-output>
          </reporter-output>
        </test-method> <!-- test_fill_char_different_types -->
        <test-method status="PASS" signature="test_fill_char_different_types(java.lang.String, java.lang.String, java.lang.String, java.lang.String)[pri:0, instance:com.user.tests.APITests@24313fcc]" name="test_fill_char_different_types" duration-ms="123082" started-at="2018-04-16T17:40:21Z" data-provider="FillChars" finished-at="2018-04-16T17:42:24Z">
          <params>
            <param index="0">
              <value>
                <![CDATA[This is json text]]>
              </value>
            </param>
            <param index="1">
              <value>
                <![CDATA[json]]>
              </value>
            </param>
            <param index="2">
              <value>
                <![CDATA[json]]>
              </value>
            </param>
            <param index="3">
              <value>
                <![CDATA[~]]>
              </value>
            </param>
          </params>
          <reporter-output>
          </reporter-output>
        </test-method> <!-- test_fill_char_different_types -->
        <test-method status="FAIL" signature="test_fill_char_different_types(java.lang.String, java.lang.String, java.lang.String, java.lang.String)[pri:0, instance:com.user.tests.APITests@24313fcc]" name="test_fill_char_different_types" duration-ms="5964" started-at="2018-04-16T17:42:48Z" data-provider="FillChars" finished-at="2018-04-16T17:42:54Z">
          <params>
            <param index="0">
              <value>
                <![CDATA[This is plain text]]>
              </value>
            </param>
            <param index="1">
              <value>
                <![CDATA[plain]]>
              </value>
            </param>
            <param index="2">
              <value>
                <![CDATA[plain]]>
              </value>
            </param>
            <param index="3">
              <value>
                <![CDATA[^]]>
              </value>
            </param>
          </params>
          <exception class="java.lang.AssertionError">
            <message>
              <![CDATA[expected [true] but found [false]]]>
            </message>
            <full-stacktrace>
              <![CDATA[java.lang.AssertionError: expected [true] but found [false]
	at org.testng.Assert.fail(Assert.java:94)
	at org.testng.Assert.failNotEquals(Assert.java:513)
	at org.testng.Assert.assertTrue(Assert.java:42)
	at org.testng.Assert.assertTrue(Assert.java:52)
	at com.user.tests.APITests.test_fill_char_different_types(APITests.java:118)
	at sun.reflect.NativeMethodAccessorImpl.invoke0(Native Method)
	at sun.reflect.NativeMethodAccessorImpl.invoke(Unknown Source)
	at sun.reflect.DelegatingMethodAccessorImpl.invoke(Unknown Source)
	at java.lang.reflect.Method.invoke(Unknown Source)
	at org.testng.internal.MethodInvocationHelper.invokeMethod(MethodInvocationHelper.java:104)
	at org.testng.internal.Invoker.invokeMethod(Invoker.java:645)
	at org.testng.internal.Invoker.invokeTestMethod(Invoker.java:851)
	at org.testng.internal.Invoker.invokeTestMethods(Invoker.java:1177)
	at org.testng.internal.TestMethodWorker.invokeTestMethods(TestMethodWorker.java:129)
	at org.testng.internal.TestMethodWorker.run(TestMethodWorker.java:112)
	at org.testng.TestRunner.privateRun(TestRunner.java:756)
	at org.testng.TestRunner.run(TestRunner.java:610)
	at org.testng.SuiteRunner.runTest(SuiteRunner.java:387)
	at org.testng.SuiteRunner.runSequentially(SuiteRunner.java:382)
	at org.testng.SuiteRunner.privateRun(SuiteRunner.java:340)
	at org.testng.SuiteRunner.run(SuiteRunner.java:289)
	at org.testng.SuiteRunnerWorker.runSuite(SuiteRunnerWorker.java:52)
	at org.testng.SuiteRunnerWorker.run(SuiteRunnerWorker.java:86)
	at org.testng.TestNG.runSuitesSequentially(TestNG.java:1293)
	at org.testng.TestNG.runSuitesLocally(TestNG.java:1218)
	at org.testng.TestNG.runSuites(TestNG.java:1133)
	at org.testng.TestNG.run(TestNG.java:1104)
	at org.testng.remote.AbstractRemoteTestNG.run(AbstractRemoteTestNG.java:114)
	at org.testng.remote.RemoteTestNG.initAndRun(RemoteTestNG.java:251)
	at org.testng.remote.RemoteTestNG.main(RemoteTestNG.java:77)
]]>
            </full-stacktrace>
          </exception> <!-- java.lang.AssertionError -->
          <reporter-output>
          </reporter-output>
        </test-method> <!-- test_fill_char_different_types -->
        <test-method status="PASS" signature="test_fill_char_different_types(java.lang.String, java.lang.String, java.lang.String, java.lang.String)[pri:0, instance:com.user.tests.APITests@24313fcc]" name="test_fill_char_different_types" duration-ms="225" started-at="2018-04-16T17:42:55Z" data-provider="FillChars" finished-at="2018-04-16T17:42:55Z">
          <params>
            <param index="0">
              <value>
                <![CDATA[This is json text]]>
              </value>
            </param>
            <param index="1">
              <value>
                <![CDATA[json]]>
              </value>
            </param>
            <param index="2">
              <value>
                <![CDATA[is, json]]>
              </value>
            </param>
            <param index="3">
              <value>
                <![CDATA[*]]>
              </value>
            </param>
          </params>
          <reporter-output>
          </reporter-output>
        </test-method> <!-- test_fill_char_different_types -->
        <test-method status="FAIL" signature="test_fill_char_different_types(java.lang.String, java.lang.String, java.lang.String, java.lang.String)[pri:0, instance:com.user.tests.APITests@24313fcc]" name="test_fill_char_different_types" duration-ms="5386" started-at="2018-04-16T17:42:55Z" data-provider="FillChars" finished-at="2018-04-16T17:43:00Z">
          <params>
            <param index="0">
              <value>
                <![CDATA[This is profanity text]]>
              </value>
            </param>
            <param index="1">
              <value>
                <![CDATA[plain]]>
              </value>
            </param>
            <param index="2">
              <value>
                <![CDATA[profanity]]>
              </value>
            </param>
            <param index="3">
              <value>
                <![CDATA[smartass]]>
              </value>
            </param>
          </params>
          <exception class="java.lang.AssertionError">
            <message>
              <![CDATA[expected [true] but found [false]]]>
            </message>
            <full-stacktrace>
              <![CDATA[java.lang.AssertionError: expected [true] but found [false]
	at org.testng.Assert.fail(Assert.java:94)
	at org.testng.Assert.failNotEquals(Assert.java:513)
	at org.testng.Assert.assertTrue(Assert.java:42)
	at org.testng.Assert.assertTrue(Assert.java:52)
	at com.user.tests.APITests.test_fill_char_different_types(APITests.java:118)
	at sun.reflect.NativeMethodAccessorImpl.invoke0(Native Method)
	at sun.reflect.NativeMethodAccessorImpl.invoke(Unknown Source)
	at sun.reflect.DelegatingMethodAccessorImpl.invoke(Unknown Source)
	at java.lang.reflect.Method.invoke(Unknown Source)
	at org.testng.internal.MethodInvocationHelper.invokeMethod(MethodInvocationHelper.java:104)
	at org.testng.internal.Invoker.invokeMethod(Invoker.java:645)
	at org.testng.internal.Invoker.invokeTestMethod(Invoker.java:851)
	at org.testng.internal.Invoker.invokeTestMethods(Invoker.java:1177)
	at org.testng.internal.TestMethodWorker.invokeTestMethods(TestMethodWorker.java:129)
	at org.testng.internal.TestMethodWorker.run(TestMethodWorker.java:112)
	at org.testng.TestRunner.privateRun(TestRunner.java:756)
	at org.testng.TestRunner.run(TestRunner.java:610)
	at org.testng.SuiteRunner.runTest(SuiteRunner.java:387)
	at org.testng.SuiteRunner.runSequentially(SuiteRunner.java:382)
	at org.testng.SuiteRunner.privateRun(SuiteRunner.java:340)
	at org.testng.SuiteRunner.run(SuiteRunner.java:289)
	at org.testng.SuiteRunnerWorker.runSuite(SuiteRunnerWorker.java:52)
	at org.testng.SuiteRunnerWorker.run(SuiteRunnerWorker.java:86)
	at org.testng.TestNG.runSuitesSequentially(TestNG.java:1293)
	at org.testng.TestNG.runSuitesLocally(TestNG.java:1218)
	at org.testng.TestNG.runSuites(TestNG.java:1133)
	at org.testng.TestNG.run(TestNG.java:1104)
	at org.testng.remote.AbstractRemoteTestNG.run(AbstractRemoteTestNG.java:114)
	at org.testng.remote.RemoteTestNG.initAndRun(RemoteTestNG.java:251)
	at org.testng.remote.RemoteTestNG.main(RemoteTestNG.java:77)
]]>
            </full-stacktrace>
          </exception> <!-- java.lang.AssertionError -->
          <reporter-output>
          </reporter-output>
        </test-method> <!-- test_fill_char_different_types -->
        <test-method status="PASS" signature="teardown()[pri:0, instance:com.user.tests.APITests@24313fcc]" name="teardown" is-config="true" duration-ms="2289" started-at="2018-04-16T17:43:06Z" finished-at="2018-04-16T17:43:09Z">
          <reporter-output>
          </reporter-output>
        </test-method> <!-- teardown -->
      </class> <!-- com.user.tests.APITests -->
    </test> <!-- Default test -->
  </suite> <!-- Default suite -->
</testng-results>
